-------------------------------------------------------------------------------
Test set: com.quipux.colegio.services.Reto4ServiceIntegrationTest
-------------------------------------------------------------------------------
Tests run: 3, Failures: 1, Errors: 0, Skipped: 0, Time elapsed: 0.028 s <<< FAILURE! -- in com.quipux.colegio.services.Reto4ServiceIntegrationTest
com.quipux.colegio.services.Reto4ServiceIntegrationTest.metodosDebenTenerVerbosHTTP -- Time elapsed: 0.007 s <<< FAILURE!
org.opentest4j.AssertionFailedError: El parámetro de buscarPorTipo debe tener @QueryParam ==> expected: <true> but was: <false>
	at org.junit.jupiter.api.AssertionFailureBuilder.build(AssertionFailureBuilder.java:151)
	at org.junit.jupiter.api.AssertionFailureBuilder.buildAndThrow(AssertionFailureBuilder.java:132)
	at org.junit.jupiter.api.AssertTrue.failNotTrue(AssertTrue.java:63)
	at org.junit.jupiter.api.AssertTrue.assertTrue(AssertTrue.java:36)
	at org.junit.jupiter.api.Assertions.assertTrue(Assertions.java:214)
	at com.quipux.colegio.services.Reto4ServiceIntegrationTest.metodosDebenTenerVerbosHTTP(Reto4ServiceIntegrationTest.java:32)
	at java.base/java.lang.reflect.Method.invoke(Method.java:580)
	at java.base/java.util.ArrayList.forEach(ArrayList.java:1596)
	at java.base/java.util.ArrayList.forEach(ArrayList.java:1596)

