-------------------------------------------------------------------------------
Test set: com.quipux.colegio.models.Reto1EntityTest
-------------------------------------------------------------------------------
Tests run: 1, Failures: 1, Errors: 0, Skipped: 0, Time elapsed: 0.011 s <<< FAILURE! -- in com.quipux.colegio.models.Reto1EntityTest
com.quipux.colegio.models.Reto1EntityTest.hechizoDebeSerUnaEntidadCompleta -- Time elapsed: 0.009 s <<< FAILURE!
org.opentest4j.AssertionFailedError: ¡Error Mágico! Falta la anotación @Entity ==> expected: <true> but was: <false>
	at org.junit.jupiter.api.AssertionFailureBuilder.build(AssertionFailureBuilder.java:151)
	at org.junit.jupiter.api.AssertionFailureBuilder.buildAndThrow(AssertionFailureBuilder.java:132)
	at org.junit.jupiter.api.AssertTrue.failNotTrue(AssertTrue.java:63)
	at org.junit.jupiter.api.AssertTrue.assertTrue(AssertTrue.java:36)
	at org.junit.jupiter.api.Assertions.assertTrue(Assertions.java:214)
	at com.quipux.colegio.models.Reto1EntityTest.hechizoDebeSerUnaEntidadCompleta(Reto1EntityTest.java:17)
	at java.base/java.lang.reflect.Method.invoke(Method.java:565)
	at java.base/java.util.ArrayList.forEach(ArrayList.java:1604)
	at java.base/java.util.ArrayList.forEach(ArrayList.java:1604)

