-------------------------------------------------------------------------------
Test set: com.quipux.colegio.manager.Reto3ManagerTest
-------------------------------------------------------------------------------
Tests run: 3, Failures: 1, Errors: 0, Skipped: 0, Time elapsed: 0.056 s <<< FAILURE! -- in com.quipux.colegio.manager.Reto3ManagerTest
com.quipux.colegio.manager.Reto3ManagerTest.prohibidoGuardarMagiaOscura -- Time elapsed: 0.024 s <<< FAILURE!
org.opentest4j.AssertionFailedError: El mensaje de error debe ser exactamente el indicado ==> expected: <Magia prohibida en el colegio> but was: <Nombre invalido>
	at org.junit.jupiter.api.AssertionFailureBuilder.build(AssertionFailureBuilder.java:151)
	at org.junit.jupiter.api.AssertionFailureBuilder.buildAndThrow(AssertionFailureBuilder.java:132)
	at org.junit.jupiter.api.AssertEquals.failNotEqual(AssertEquals.java:197)
	at org.junit.jupiter.api.AssertEquals.assertEquals(AssertEquals.java:182)
	at org.junit.jupiter.api.Assertions.assertEquals(Assertions.java:1156)
	at com.quipux.colegio.manager.Reto3ManagerTest.prohibidoGuardarMagiaOscura(Reto3ManagerTest.java:41)
	at java.base/java.lang.reflect.Method.invoke(Method.java:580)
	at java.base/java.util.ArrayList.forEach(ArrayList.java:1596)
	at java.base/java.util.ArrayList.forEach(ArrayList.java:1596)

